# JRE version: Java(TM) SE Runtime Environment (8.0_25-b18) (build 1.8.0_25-b18)
# Java VM: Java HotSpot(TM) 64-Bit Server VM (25.25-b02 mixed mode windows-amd64 compressed oops)
Heap:
 PSYoungGen      total 67584K, used 32570K [0x00000000f5580000, 0x00000000f9880000, 0x0000000100000000)
  eden space 66560K, 48% used [0x00000000f5580000,0x00000000f754eaa0,0x00000000f9680000)
  from space 1024K, 0% used [0x00000000f9780000,0x00000000f9780000,0x00000000f9880000)
  to   space 1024K, 0% used [0x00000000f9680000,0x00000000f9680000,0x00000000f9780000)
 ParOldGen       total 112128K, used 37928K [0x00000000e0000000, 0x00000000e6d80000, 0x00000000f5580000)
  object space 112128K, 33% used [0x00000000e0000000,0x00000000e250a320,0x00000000e6d80000)
 Metaspace       used 84716K, capacity 90870K, committed 91008K, reserved 1128448K
  class space    used 10192K, capacity 12073K, committed 12160K, reserved 1048576K
GC Heap History (10 events):
Event: 1458253.635 GC heap before
{Heap before GC invocations=48466 (full 24224):
 PSYoungGen      total 67072K, used 512K [0x00000000f5580000, 0x00000000f9880000, 0x0000000100000000)
  eden space 66560K, 0% used [0x00000000f5580000,0x00000000f5580000,0x00000000f9680000)
  from space 512K, 100% used [0x00000000f9780000,0x00000000f9800000,0x00000000f9800000)
  to   space 1024K, 0% used [0x00000000f9680000,0x00000000f9680000,0x00000000f9780000)
 ParOldGen       total 112128K, used 38192K [0x00000000e0000000, 0x00000000e6d80000, 0x00000000f5580000)
  object space 112128K, 34% used [0x00000000e0000000,0x00000000e254c360,0x00000000e6d80000)
 Metaspace       used 83957K, capacity 90316K, committed 90624K, reserved 1128448K
  class space    used 10098K, capacity 11976K, committed 12032K, reserved 1048576K
Event: 1458253.726 GC heap after
Heap after GC invocations=48466 (full 24224):
 PSYoungGen      total 67072K, used 0K [0x00000000f5580000, 0x00000000f9880000, 0x0000000100000000)
  eden space 66560K, 0% used [0x00000000f5580000,0x00000000f5580000,0x00000000f9680000)
  from space 512K, 0% used [0x00000000f9780000,0x00000000f9780000,0x00000000f9800000)
  to   space 1024K, 0% used [0x00000000f9680000,0x00000000f9680000,0x00000000f9780000)
 ParOldGen       total 112128K, used 38064K [0x00000000e0000000, 0x00000000e6d80000, 0x00000000f5580000)
  object space 112128K, 33% used [0x00000000e0000000,0x00000000e252c360,0x00000000e6d80000)
 Metaspace       used 83957K, capacity 90316K, committed 90624K, reserved 1128448K
  class space    used 10098K, capacity 11976K, committed 12032K, reserved 1048576K
}
Event: 1458313.648 GC heap before
{Heap before GC invocations=48467 (full 24224):
 PSYoungGen      total 67072K, used 2773K [0x00000000f5580000, 0x00000000f9880000, 0x0000000100000000)
  eden space 66560K, 4% used [0x00000000f5580000,0x00000000f58354b8,0x00000000f9680000)
  from space 512K, 0% used [0x00000000f9780000,0x00000000f9780000,0x00000000f9800000)
  to   space 1024K, 0% used [0x00000000f9680000,0x00000000f9680000,0x00000000f9780000)
 ParOldGen       total 112128K, used 38064K [0x00000000e0000000, 0x00000000e6d80000, 0x00000000f5580000)
  object space 112128K, 33% used [0x00000000e0000000,0x00000000e252c360,0x00000000e6d80000)
 Metaspace       used 83957K, capacity 90316K, committed 90624K, reserved 1128448K
  class space    used 10098K, capacity 11976K, committed 12032K, reserved 1048576K
Event: 1458313.650 GC heap after
Heap after GC invocations=48467 (full 24224):
 PSYoungGen      total 67584K, used 160K [0x00000000f5580000, 0x00000000f9880000, 0x0000000100000000)
  eden space 66560K, 0% used [0x00000000f5580000,0x00000000f5580000,0x00000000f9680000)
  from space 1024K, 15% used [0x00000000f9680000,0x00000000f96a8000,0x00000000f9780000)
  to   space 1024K, 0% used [0x00000000f9780000,0x00000000f9780000,0x00000000f9880000)
 ParOldGen       total 112128K, used 38064K [0x00000000e0000000, 0x00000000e6d80000, 0x00000000f5580000)
  object space 112128K, 33% used [0x00000000e0000000,0x00000000e252c360,0x00000000e6d80000)
 Metaspace       used 83957K, capacity 90316K, committed 90624K, reserved 1128448K
  class space    used 10098K, capacity 11976K, committed 12032K, reserved 1048576K
}
Event: 1458313.650 GC heap before
{Heap before GC invocations=48468 (full 24225):
 PSYoungGen      total 67584K, used 160K [0x00000000f5580000, 0x00000000f9880000, 0x0000000100000000)
  eden space 66560K, 0% used [0x00000000f5580000,0x00000000f5580000,0x00000000f9680000)
  from space 1024K, 15% used [0x00000000f9680000,0x00000000f96a8000,0x00000000f9780000)
  to   space 1024K, 0% used [0x00000000f9780000,0x00000000f9780000,0x00000000f9880000)
 ParOldGen       total 112128K, used 38064K [0x00000000e0000000, 0x00000000e6d80000, 0x00000000f5580000)
  object space 112128K, 33% used [0x00000000e0000000,0x00000000e252c360,0x00000000e6d80000)
 Metaspace       used 83957K, capacity 90316K, committed 90624K, reserved 1128448K
  class space    used 10098K, capacity 11976K, committed 12032K, reserved 1048576K
Event: 1458313.742 GC heap after
Heap after GC invocations=48468 (full 24225):
 PSYoungGen      total 67584K, used 0K [0x00000000f5580000, 0x00000000f9880000, 0x0000000100000000)
  eden space 66560K, 0% used [0x00000000f5580000,0x00000000f5580000,0x00000000f9680000)
  from space 1024K, 0% used [0x00000000f9680000,0x00000000f9680000,0x00000000f9780000)
  to   space 1024K, 0% used [0x00000000f9780000,0x00000000f9780000,0x00000000f9880000)
 ParOldGen       total 112128K, used 37937K [0x00000000e0000000, 0x00000000e6d80000, 0x00000000f5580000)
  object space 112128K, 33% used [0x00000000e0000000,0x00000000e250c5c0,0x00000000e6d80000)
 Metaspace       used 83957K, capacity 90316K, committed 90624K, reserved 1128448K
  class space    used 10098K, capacity 11976K, committed 12032K, reserved 1048576K
}
Event: 1458373.649 GC heap before
{Heap before GC invocations=48469 (full 24225):
 PSYoungGen      total 67584K, used 2849K [0x00000000f5580000, 0x00000000f9880000, 0x0000000100000000)
  eden space 66560K, 4% used [0x00000000f5580000,0x00000000f5848720,0x00000000f9680000)
  from space 1024K, 0% used [0x00000000f9680000,0x00000000f9680000,0x00000000f9780000)
  to   space 1024K, 0% used [0x00000000f9780000,0x00000000f9780000,0x00000000f9880000)
 ParOldGen       total 112128K, used 37937K [0x00000000e0000000, 0x00000000e6d80000, 0x00000000f5580000)
  object space 112128K, 33% used [0x00000000e0000000,0x00000000e250c5c0,0x00000000e6d80000)
 Metaspace       used 83957K, capacity 90316K, committed 90624K, reserved 1128448K
  class space    used 10098K, capacity 11976K, committed 12032K, reserved 1048576K
Event: 1458373.651 GC heap after
Heap after GC invocations=48469 (full 24225):
 PSYoungGen      total 67584K, used 192K [0x00000000f5580000, 0x00000000f9880000, 0x0000000100000000)
  eden space 66560K, 0% used [0x00000000f5580000,0x00000000f5580000,0x00000000f9680000)
  from space 1024K, 18% used [0x00000000f9780000,0x00000000f97b0000,0x00000000f9880000)
  to   space 1024K, 0% used [0x00000000f9680000,0x00000000f9680000,0x00000000f9780000)
 ParOldGen       total 112128K, used 37937K [0x00000000e0000000, 0x00000000e6d80000, 0x00000000f5580000)
  object space 112128K, 33% used [0x00000000e0000000,0x00000000e250c5c0,0x00000000e6d80000)
 Metaspace       used 83957K, capacity 90316K, committed 90624K, reserved 1128448K
  class space    used 10098K, capacity 11976K, committed 12032K, reserved 1048576K
}
Event: 1458373.651 GC heap before
{Heap before GC invocations=48470 (full 24226):
 PSYoungGen      total 67584K, used 192K [0x00000000f5580000, 0x00000000f9880000, 0x0000000100000000)
  eden space 66560K, 0% used [0x00000000f5580000,0x00000000f5580000,0x00000000f9680000)
  from space 1024K, 18% used [0x00000000f9780000,0x00000000f97b0000,0x00000000f9880000)
  to   space 1024K, 0% used [0x00000000f9680000,0x00000000f9680000,0x00000000f9780000)
 ParOldGen       total 112128K, used 37937K [0x00000000e0000000, 0x00000000e6d80000, 0x00000000f5580000)
  object space 112128K, 33% used [0x00000000e0000000,0x00000000e250c5c0,0x00000000e6d80000)
 Metaspace       used 83957K, capacity 90316K, committed 90624K, reserved 1128448K
  class space    used 10098K, capacity 11976K, committed 12032K, reserved 1048576K
Event: 1458373.737 GC heap after
Heap after GC invocations=48470 (full 24226):
 PSYoungGen      total 67584K, used 0K [0x00000000f5580000, 0x00000000f9880000, 0x0000000100000000)
  eden space 66560K, 0% used [0x00000000f5580000,0x00000000f5580000,0x00000000f9680000)
  from space 1024K, 0% used [0x00000000f9780000,0x00000000f9780000,0x00000000f9880000)
  to   space 1024K, 0% used [0x00000000f9680000,0x00000000f9680000,0x00000000f9780000)
 ParOldGen       total 112128K, used 37928K [0x00000000e0000000, 0x00000000e6d80000, 0x00000000f5580000)
  object space 112128K, 33% used [0x00000000e0000000,0x00000000e250a320,0x00000000e6d80000)
 Metaspace       used 83957K, capacity 90316K, committed 90624K, reserved 1128448K
  class space    used 10098K, capacity 11976K, committed 12032K, reserved 1048576K
}

