# JRE version: Java(TM) SE Runtime Environment (8.0_25-b18) (build 1.8.0_25-b18)
# Java VM: Java HotSpot(TM) 64-Bit Server VM (25.25-b02 mixed mode windows-amd64 compressed oops)
Heap:
 PSYoungGen      total 100864K, used 44679K [0x00000000f5580000, 0x00000000fd180000, 0x0000000100000000)
  eden space 91136K, 38% used [0x00000000f5580000,0x00000000f77a2050,0x00000000fae80000)
  from space 9728K, 99% used [0x00000000fb100000,0x00000000fba7fd68,0x00000000fba80000)
  to   space 17920K, 0% used [0x00000000fc000000,0x00000000fc000000,0x00000000fd180000)
 ParOldGen       total 87552K, used 42485K [0x00000000e0000000, 0x00000000e5580000, 0x00000000f5580000)
  object space 87552K, 48% used [0x00000000e0000000,0x00000000e297d7b8,0x00000000e5580000)
 Metaspace       used 88748K, capacity 95248K, committed 95448K, reserved 1132544K
  class space    used 10886K, capacity 12921K, committed 13016K, reserved 1048576K
GC Heap History (10 events):
Event: 1439.599 GC heap before
{Heap before GC invocations=65 (full 24):
 PSYoungGen      total 109056K, used 91136K [0x00000000f5580000, 0x00000000fd600000, 0x0000000100000000)
  eden space 91136K, 100% used [0x00000000f5580000,0x00000000fae80000,0x00000000fae80000)
  from space 17920K, 0% used [0x00000000fc180000,0x00000000fc180000,0x00000000fd300000)
  to   space 19456K, 0% used [0x00000000fae80000,0x00000000fae80000,0x00000000fc180000)
 ParOldGen       total 87552K, used 42445K [0x00000000e0000000, 0x00000000e5580000, 0x00000000f5580000)
  object space 87552K, 48% used [0x00000000e0000000,0x00000000e29737b8,0x00000000e5580000)
 Metaspace       used 84053K, capacity 90406K, committed 90456K, reserved 1128448K
  class space    used 10386K, capacity 12326K, committed 12376K, reserved 1048576K
Event: 1439.605 GC heap after
Heap after GC invocations=65 (full 24):
 PSYoungGen      total 110592K, used 8586K [0x00000000f5580000, 0x00000000fdb80000, 0x0000000100000000)
  eden space 91136K, 0% used [0x00000000f5580000,0x00000000f5580000,0x00000000fae80000)
  from space 19456K, 44% used [0x00000000fae80000,0x00000000fb6e29e0,0x00000000fc180000)
  to   space 19456K, 0% used [0x00000000fc880000,0x00000000fc880000,0x00000000fdb80000)
 ParOldGen       total 87552K, used 42453K [0x00000000e0000000, 0x00000000e5580000, 0x00000000f5580000)
  object space 87552K, 48% used [0x00000000e0000000,0x00000000e29757b8,0x00000000e5580000)
 Metaspace       used 84053K, capacity 90406K, committed 90456K, reserved 1128448K
  class space    used 10386K, capacity 12326K, committed 12376K, reserved 1048576K
}
Event: 1501.557 GC heap before
{Heap before GC invocations=66 (full 24):
 PSYoungGen      total 110592K, used 99722K [0x00000000f5580000, 0x00000000fdb80000, 0x0000000100000000)
  eden space 91136K, 100% used [0x00000000f5580000,0x00000000fae80000,0x00000000fae80000)
  from space 19456K, 44% used [0x00000000fae80000,0x00000000fb6e29e0,0x00000000fc180000)
  to   space 19456K, 0% used [0x00000000fc880000,0x00000000fc880000,0x00000000fdb80000)
 ParOldGen       total 87552K, used 42453K [0x00000000e0000000, 0x00000000e5580000, 0x00000000f5580000)
  object space 87552K, 48% used [0x00000000e0000000,0x00000000e29757b8,0x00000000e5580000)
 Metaspace       used 84578K, capacity 90966K, committed 91224K, reserved 1128448K
  class space    used 10403K, capacity 12336K, committed 12376K, reserved 1048576K
Event: 1501.562 GC heap after
Heap after GC invocations=66 (full 24):
 PSYoungGen      total 112640K, used 6366K [0x00000000f5580000, 0x00000000fd800000, 0x0000000100000000)
  eden space 96768K, 0% used [0x00000000f5580000,0x00000000f5580000,0x00000000fb400000)
  from space 15872K, 40% used [0x00000000fc880000,0x00000000fceb7920,0x00000000fd800000)
  to   space 18432K, 0% used [0x00000000fb400000,0x00000000fb400000,0x00000000fc600000)
 ParOldGen       total 87552K, used 42461K [0x00000000e0000000, 0x00000000e5580000, 0x00000000f5580000)
  object space 87552K, 48% used [0x00000000e0000000,0x00000000e29777b8,0x00000000e5580000)
 Metaspace       used 84578K, capacity 90966K, committed 91224K, reserved 1128448K
  class space    used 10403K, capacity 12336K, committed 12376K, reserved 1048576K
}
Event: 1545.164 GC heap before
{Heap before GC invocations=67 (full 24):
 PSYoungGen      total 112640K, used 103134K [0x00000000f5580000, 0x00000000fd800000, 0x0000000100000000)
  eden space 96768K, 100% used [0x00000000f5580000,0x00000000fb400000,0x00000000fb400000)
  from space 15872K, 40% used [0x00000000fc880000,0x00000000fceb7920,0x00000000fd800000)
  to   space 18432K, 0% used [0x00000000fb400000,0x00000000fb400000,0x00000000fc600000)
 ParOldGen       total 87552K, used 42461K [0x00000000e0000000, 0x00000000e5580000, 0x00000000f5580000)
  object space 87552K, 48% used [0x00000000e0000000,0x00000000e29777b8,0x00000000e5580000)
 Metaspace       used 85256K, capacity 91548K, committed 91864K, reserved 1128448K
  class space    used 10447K, capacity 12401K, committed 12504K, reserved 1048576K
Event: 1545.170 GC heap after
Heap after GC invocations=67 (full 24):
 PSYoungGen      total 115200K, used 6943K [0x00000000f5580000, 0x00000000fdb80000, 0x0000000100000000)
  eden space 96768K, 0% used [0x00000000f5580000,0x00000000f5580000,0x00000000fb400000)
  from space 18432K, 37% used [0x00000000fb400000,0x00000000fbac7dd8,0x00000000fc600000)
  to   space 17920K, 0% used [0x00000000fca00000,0x00000000fca00000,0x00000000fdb80000)
 ParOldGen       total 87552K, used 42469K [0x00000000e0000000, 0x00000000e5580000, 0x00000000f5580000)
  object space 87552K, 48% used [0x00000000e0000000,0x00000000e29797b8,0x00000000e5580000)
 Metaspace       used 85256K, capacity 91548K, committed 91864K, reserved 1128448K
  class space    used 10447K, capacity 12401K, committed 12504K, reserved 1048576K
}
Event: 1619.236 GC heap before
{Heap before GC invocations=68 (full 24):
 PSYoungGen      total 115200K, used 103711K [0x00000000f5580000, 0x00000000fdb80000, 0x0000000100000000)
  eden space 96768K, 100% used [0x00000000f5580000,0x00000000fb400000,0x00000000fb400000)
  from space 18432K, 37% used [0x00000000fb400000,0x00000000fbac7dd8,0x00000000fc600000)
  to   space 17920K, 0% used [0x00000000fca00000,0x00000000fca00000,0x00000000fdb80000)
 ParOldGen       total 87552K, used 42469K [0x00000000e0000000, 0x00000000e5580000, 0x00000000f5580000)
  object space 87552K, 48% used [0x00000000e0000000,0x00000000e29797b8,0x00000000e5580000)
 Metaspace       used 85819K, capacity 92110K, committed 92376K, reserved 1128448K
  class space    used 10489K, capacity 12436K, committed 12504K, reserved 1048576K
Event: 1619.242 GC heap after
Heap after GC invocations=68 (full 24):
 PSYoungGen      total 102912K, used 7262K [0x00000000f5580000, 0x00000000fd300000, 0x0000000100000000)
  eden space 93696K, 0% used [0x00000000f5580000,0x00000000f5580000,0x00000000fb100000)
  from space 9216K, 78% used [0x00000000fca00000,0x00000000fd117930,0x00000000fd300000)
  to   space 17408K, 0% used [0x00000000fb100000,0x00000000fb100000,0x00000000fc200000)
 ParOldGen       total 87552K, used 42477K [0x00000000e0000000, 0x00000000e5580000, 0x00000000f5580000)
  object space 87552K, 48% used [0x00000000e0000000,0x00000000e297b7b8,0x00000000e5580000)
 Metaspace       used 85819K, capacity 92110K, committed 92376K, reserved 1128448K
  class space    used 10489K, capacity 12436K, committed 12504K, reserved 1048576K
}
Event: 1655.362 GC heap before
{Heap before GC invocations=69 (full 24):
 PSYoungGen      total 102912K, used 100958K [0x00000000f5580000, 0x00000000fd300000, 0x0000000100000000)
  eden space 93696K, 100% used [0x00000000f5580000,0x00000000fb100000,0x00000000fb100000)
  from space 9216K, 78% used [0x00000000fca00000,0x00000000fd117930,0x00000000fd300000)
  to   space 17408K, 0% used [0x00000000fb100000,0x00000000fb100000,0x00000000fc200000)
 ParOldGen       total 87552K, used 42477K [0x00000000e0000000, 0x00000000e5580000, 0x00000000f5580000)
  object space 87552K, 48% used [0x00000000e0000000,0x00000000e297b7b8,0x00000000e5580000)
 Metaspace       used 88035K, capacity 94522K, committed 94808K, reserved 1130496K
  class space    used 10806K, capacity 12854K, committed 12888K, reserved 1048576K
Event: 1655.370 GC heap after
Heap after GC invocations=69 (full 24):
 PSYoungGen      total 100864K, used 9727K [0x00000000f5580000, 0x00000000fd180000, 0x0000000100000000)
  eden space 91136K, 0% used [0x00000000f5580000,0x00000000f5580000,0x00000000fae80000)
  from space 9728K, 99% used [0x00000000fb100000,0x00000000fba7fd68,0x00000000fba80000)
  to   space 17920K, 0% used [0x00000000fc000000,0x00000000fc000000,0x00000000fd180000)
 ParOldGen       total 87552K, used 42485K [0x00000000e0000000, 0x00000000e5580000, 0x00000000f5580000)
  object space 87552K, 48% used [0x00000000e0000000,0x00000000e297d7b8,0x00000000e5580000)
 Metaspace       used 88035K, capacity 94522K, committed 94808K, reserved 1130496K
  class space    used 10806K, capacity 12854K, committed 12888K, reserved 1048576K
}

